SF:lib\domain\models\post.dart
DA:9,3
DA:17,3
DA:18,3
DA:19,33
DA:20,24
DA:23,1
DA:24,1
DA:25,1
DA:26,1
DA:27,1
DA:28,1
DA:29,1
DA:31,1
DA:32,2
LF:14
LH:14
end_of_record
SF:lib\data\repositories\post_repository.dart
DA:11,1
DA:13,1
DA:15,2
LF:3
LH:3
end_of_record
SF:lib\data\services\post_api_service.dart
DA:13,0
DA:15,0
DA:17,0
DA:18,0
DA:19,0
DA:22,0
DA:24,0
DA:33,0
DA:34,0
DA:35,0
DA:36,0
DA:37,0
DA:38,0
DA:39,0
DA:40,0
DA:43,0
DA:46,0
LF:17
LH:0
end_of_record
SF:lib\ui\post\widgets\post_card.dart
DA:9,1
DA:11,1
DA:12,1
DA:13,1
DA:15,1
DA:16,0
DA:18,0
DA:19,0
DA:20,0
DA:24,0
DA:25,0
DA:26,0
DA:31,1
DA:33,1
DA:36,1
DA:38,1
DA:39,3
DA:40,1
DA:41,2
DA:42,1
DA:43,2
DA:48,2
DA:50,1
DA:51,2
DA:54,2
DA:56,1
DA:57,2
DA:61,1
DA:62,1
DA:63,1
DA:65,1
DA:66,1
DA:67,2
DA:68,4
DA:73,1
DA:74,1
DA:75,2
DA:77,1
DA:78,1
DA:79,2
DA:80,3
DA:85,1
DA:88,1
DA:91,1
DA:92,2
DA:93,3
DA:100,1
DA:101,1
DA:103,1
DA:104,4
DA:105,1
DA:106,1
LF:52
LH:45
end_of_record
